

Version:	3.50
CmdLine:	C:\Users\Yashan Perera\Documents\NetBeansProjects\JAVACW\dist\code.exe --l4j-debug
JNI:		No
WOW64:		Yes
Working dir:	C:\Users\Yashan Perera\Documents\NetBeansProjects\JAVACW\dist\.
Requires JDK:	No
Requires 64-Bit: No
Java min ver:	
Java max ver:	
Substitute:	JAVA_HOME = 
Substitute:	PATH = C:\Program Files\Common Files\Oracle\Java\javapath;C:\Python313\Scripts\;C:\Python313\;C:\WINDOWS\system32;C:\WINDOWS;C:\WINDOWS\System32\Wbem;C:\WINDOWS\System32\WindowsPowerShell\v1.0\;C:\WINDOWS\System32\OpenSSH\;C:\Program Files\PuTTY\;C:\Program Files\dotnet\;C:\Program Files (x86)\Microsoft SQL Server\160\Tools\Binn\;C:\Program Files\Microsoft SQL Server\160\Tools\Binn\;C:\Program Files\Microsoft SQL Server\Client SDK\ODBC\170\Tools\Binn\;C:\Program Files\Microsoft SQL Server\160\DTS\Binn\;C:\Program Files (x86)\Microsoft SQL Server\160\DTS\Binn\;C:\Program Files\Git\cmd;C:\ProgramData\chocolatey\bin;C:\Program Files\nodejs\;C:\php;C:\Program Files\PowerShell\7\;C:\Program Files\Cloudflare\Cloudflare WARP\;C:\ProgramData\ComposerSetup\bin;C:\Users\Yashan Perera\scoop\shims;C:\Users\Yashan Perera\AppData\Local\Microsoft\WindowsApps;C:\Users\Yashan Perera\AppData\Local\Programs\Microsoft VS Code\bin;C:\Users\Yashan Perera\.dotnet\tools;C:\Users\Yashan Perera\AppData\Local\GitHubDesktop\bin;C:\Users\Yashan Perera\AppData\Local\Microsoft\WinGet\Packages\Schniz.fnm_Microsoft.Winget.Source_8wekyb3d8bbwe;C:\Users\Yashan Perera\AppData\Roaming\npm;C:\Program Files\JetBrains\IntelliJ IDEA 2025.1\bin;;C:\Users\Yashan Perera\AppData\Roaming\Composer\vendor\bin;C:\Program Files\Java\jdk-24\bin
JRE paths:	;C:\Program Files\Common Files\Oracle\Java\javapath;C:\Python313\Scripts\;C:\Python313\;C:\WINDOWS\system32;C:\WINDOWS;C:\WINDOWS\System32\Wbem;C:\WINDOWS\System32\WindowsPowerShell\v1.0\;C:\WINDOWS\System32\OpenSSH\;C:\Program Files\PuTTY\;C:\Program Files\dotnet\;C:\Program Files (x86)\Microsoft SQL Server\160\Tools\Binn\;C:\Program Files\Microsoft SQL Server\160\Tools\Binn\;C:\Program Files\Microsoft SQL Server\Client SDK\ODBC\170\Tools\Binn\;C:\Program Files\Microsoft SQL Server\160\DTS\Binn\;C:\Program Files (x86)\Microsoft SQL Server\160\DTS\Binn\;C:\Program Files\Git\cmd;C:\ProgramData\chocolatey\bin;C:\Program Files\nodejs\;C:\php;C:\Program Files\PowerShell\7\;C:\Program Files\Cloudflare\Cloudflare WARP\;C:\ProgramData\ComposerSetup\bin;C:\Users\Yashan Perera\scoop\shims;C:\Users\Yashan Perera\AppData\Local\Microsoft\WindowsApps;C:\Users\Yashan Perera\AppData\Local\Programs\Microsoft VS Code\bin;C:\Users\Yashan Perera\.dotnet\tools;C:\Users\Yashan Perera\AppData\Local\GitHubDesktop\bin;C:\Users\Yashan Perera\AppData\Local\Microsoft\WinGet\Packages\Schniz.fnm_Microsoft.Winget.Source_8wekyb3d8bbwe;C:\Users\Yashan Perera\AppData\Roaming\npm;C:\Program Files\JetBrains\IntelliJ IDEA 2025.1\bin;;C:\Users\Yashan Perera\AppData\Roaming\Composer\vendor\bin;C:\Program Files\Java\jdk-24\bin
Check launcher:	C:\Program Files\Common Files\Oracle\Java\javapath\bin\javaw.exe (not found)
Check launcher:	C:\Python313\Scripts\bin\javaw.exe (not found)
Check launcher:	C:\Python313\bin\javaw.exe (not found)
Check launcher:	C:\WINDOWS\system32\bin\javaw.exe (not found)
Check launcher:	C:\WINDOWS\bin\javaw.exe (not found)
Check launcher:	C:\WINDOWS\System32\Wbem\bin\javaw.exe (not found)
Check launcher:	C:\WINDOWS\System32\WindowsPowerShell\v1.0\bin\javaw.exe (not found)
Check launcher:	C:\WINDOWS\System32\OpenSSH\bin\javaw.exe (not found)
Check launcher:	C:\Program Files\PuTTY\bin\javaw.exe (not found)
Check launcher:	C:\Program Files\dotnet\bin\javaw.exe (not found)
Check launcher:	C:\Program Files (x86)\Microsoft SQL Server\160\Tools\Binn\bin\javaw.exe (not found)
Check launcher:	C:\Program Files\Microsoft SQL Server\160\Tools\Binn\bin\javaw.exe (not found)
Check launcher:	C:\Program Files\Microsoft SQL Server\Client SDK\ODBC\170\Tools\Binn\bin\javaw.exe (not found)
Check launcher:	C:\Program Files\Microsoft SQL Server\160\DTS\Binn\bin\javaw.exe (not found)
Check launcher:	C:\Program Files (x86)\Microsoft SQL Server\160\DTS\Binn\bin\javaw.exe (not found)
Check launcher:	C:\Program Files\Git\cmd\bin\javaw.exe (not found)
Check launcher:	C:\ProgramData\chocolatey\bin\javaw.exe (not found)
Check launcher:	C:\Program Files\nodejs\bin\javaw.exe (not found)
Check launcher:	C:\php\bin\javaw.exe (not found)
Check launcher:	C:\Program Files\PowerShell\7\bin\javaw.exe (not found)
Check launcher:	C:\Program Files\Cloudflare\Cloudflare WARP\bin\javaw.exe (not found)
Check launcher:	C:\ProgramData\ComposerSetup\bin\javaw.exe (not found)
Check launcher:	C:\Users\Yashan Perera\scoop\shims\bin\javaw.exe (not found)
Check launcher:	C:\Users\Yashan Perera\AppData\Local\Microsoft\WindowsApps\bin\javaw.exe (not found)
Check launcher:	C:\Users\Yashan Perera\AppData\Local\Programs\Microsoft VS Code\bin\javaw.exe (not found)
Check launcher:	C:\Users\Yashan Perera\.dotnet\tools\bin\javaw.exe (not found)
Check launcher:	C:\Users\Yashan Perera\AppData\Local\GitHubDesktop\bin\javaw.exe (not found)
Check launcher:	C:\Users\Yashan Perera\AppData\Local\Microsoft\WinGet\Packages\Schniz.fnm_Microsoft.Winget.Source_8wekyb3d8bbwe\bin\javaw.exe (not found)
Check launcher:	C:\Users\Yashan Perera\AppData\Roaming\npm\bin\javaw.exe (not found)
Check launcher:	C:\Program Files\JetBrains\IntelliJ IDEA 2025.1\bin\javaw.exe (not found)
Check launcher:	C:\Users\Yashan Perera\AppData\Roaming\Composer\vendor\bin\javaw.exe (not found)
Check launcher:	C:\Program Files\Java\jdk-24\bin\javaw.exe (OK)
Version string: 1.024.000_001 / 64-Bit (OK)
Main class:	javacw.Main
Add classpath:	lib\mysql-connector-j-9.3.0.jar
Add classpath:	lib\commons-beanutils-1.9.4.jar
Add classpath:	lib\commons-collections-3.2.2.jar
Add classpath:	lib\commons-logging-1.2.jar
Add classpath:	lib\commons-digester-2.1.jar
Add classpath:	lib\itext-2.1.7.jar
Add classpath:	lib\jcommon-1.0.23.jar
Add classpath:	lib\jfreechart-1.0.19.jar
Add classpath:	lib\jasperreports-6.20.6.jar
Add classpath:	lib\commons-collections4-4.4.jar
Launcher:	C:\Program Files\Java\jdk-24\bin\javaw.exe
Launcher args:	-classpath "C:\Users\Yashan Perera\Documents\NetBeansProjects\JAVACW\dist\code.exe;lib\mysql-connector-j-9.3.0.jar;lib\commons-beanutils-1.9.4.jar;lib\commons-collections-3.2.2.jar;lib\commons-logging-1.2.jar;lib\commons-digester-2.1.jar;lib\itext-2.1.7.jar;lib\jcommon-1.0.23.jar;lib\jfreechart-1.0.19.jar;lib\jasperreports-6.20.6.jar;lib\commons-collections4-4.4.jar" javacw.Main
Args length:	381/32768 chars
Exit code:	0


Version:	3.50
CmdLine:	C:\Users\Yashan Perera\Documents\NetBeansProjects\JAVACW\dist\code.exe --l4j-debug
JNI:		No
WOW64:		Yes
Working dir:	C:\Users\Yashan Perera\Documents\NetBeansProjects\JAVACW\dist\.
Requires JDK:	No
Requires 64-Bit: No
Java min ver:	
Java max ver:	
JRE paths:	C:\Program Files\Java\jdk-24\bin
Check launcher:	C:\Program Files\Java\jdk-24\bin\javaw.exe (OK)
Version string: 1.024.000_001 / 64-Bit (OK)
Main class:	javacw.Main
Add classpath:	lib\mysql-connector-j-9.3.0.jar
Add classpath:	lib\commons-beanutils-1.9.4.jar
Add classpath:	lib\commons-collections-3.2.2.jar
Add classpath:	lib\commons-logging-1.2.jar
Add classpath:	lib\commons-digester-2.1.jar
Add classpath:	lib\itext-2.1.7.jar
Add classpath:	lib\jcommon-1.0.23.jar
Add classpath:	lib\jfreechart-1.0.19.jar
Add classpath:	lib\jasperreports-6.20.6.jar
Add classpath:	lib\commons-collections4-4.4.jar
Launcher:	C:\Program Files\Java\jdk-24\bin\javaw.exe
Launcher args:	-classpath "C:\Users\Yashan Perera\Documents\NetBeansProjects\JAVACW\dist\code.exe;lib\mysql-connector-j-9.3.0.jar;lib\commons-beanutils-1.9.4.jar;lib\commons-collections-3.2.2.jar;lib\commons-logging-1.2.jar;lib\commons-digester-2.1.jar;lib\itext-2.1.7.jar;lib\jcommon-1.0.23.jar;lib\jfreechart-1.0.19.jar;lib\jasperreports-6.20.6.jar;lib\commons-collections4-4.4.jar" javacw.Main
Args length:	381/32768 chars
Exit code:	0
